<?xml version="1.0" encoding="UTF-8"?>
<!-- Generated by org.testng.reporters.JUnitXMLReporter -->
<testsuite hostname="LAPTOP-I3V0BKGE" ignored="0" name="Colombia System Automation Tests" tests="24" failures="24" timestamp="19 Feb 2020 07:40:34 GMT" time="0.091" errors="0">
  <testcase name="test2" time="0.021" classname="com.colombia.sampletests.Test1">
    <failure type="java.lang.Error" message="Unresolved compilation problems: 
	&amp;apos;&amp;lt;&amp;gt;&amp;apos; operator is not allowed for source level below 1.7
	Lambda expressions are allowed only at source level 1.8 or above
	Cannot refer to the non-final local variable k defined in an enclosing scope
	Lambda expressions are allowed only at source level 1.8 or above
	Cannot refer to the non-final local variable k defined in an enclosing scope
	Lambda expressions are allowed only at source level 1.8 or above
	Cannot refer to the non-final local variable k defined in an enclosing scope
">
      <![CDATA[java.lang.Error: Unresolved compilation problems: 
	'<>' operator is not allowed for source level below 1.7
	Lambda expressions are allowed only at source level 1.8 or above
	Cannot refer to the non-final local variable k defined in an enclosing scope
	Lambda expressions are allowed only at source level 1.8 or above
	Cannot refer to the non-final local variable k defined in an enclosing scope
	Lambda expressions are allowed only at source level 1.8 or above
	Cannot refer to the non-final local variable k defined in an enclosing scope

	at com.aventstack.extentreports.configuration.ConfigMap.<init>(ConfigMap.java:12)
	at com.aventstack.extentreports.reporter.ExtentHtmlReporter.loadDefaultConfig(ExtentHtmlReporter.java:71)
	at com.aventstack.extentreports.reporter.ExtentHtmlReporter.<init>(ExtentHtmlReporter.java:57)
	at com.aventstack.extentreports.reporter.ExtentHtmlReporter.<init>(ExtentHtmlReporter.java:61)
	at com.colombia.extentreports.ExtentManager.createInstance(ExtentManager.java:28)
	at com.colombia.extentreports.ExtentManager.getInstance(ExtentManager.java:20)
	at com.colombia.extentreports.ExtentTestManager.<clinit>(ExtentTestManager.java:11)
	at com.colombia.listeners.TestListener.onTestStart(TestListener.java:16)
	at java.util.concurrent.ThreadPoolExecutor.runWorker(ThreadPoolExecutor.java:1149)
	at java.util.concurrent.ThreadPoolExecutor$Worker.run(ThreadPoolExecutor.java:624)
	at java.lang.Thread.run(Thread.java:748)
... Removed 7 stack frames]]>
    </failure>
  </testcase> <!-- test2 -->
  <testcase name="test1" time="0.021" classname="com.colombia.sampletests.Test1">
    <failure type="java.lang.NoClassDefFoundError" message="Could not initialize class com.colombia.extentreports.ExtentTestManager">
      <![CDATA[java.lang.NoClassDefFoundError: Could not initialize class com.colombia.extentreports.ExtentTestManager
	at com.colombia.listeners.TestListener.onTestStart(TestListener.java:16)
	at java.util.concurrent.ThreadPoolExecutor.runWorker(ThreadPoolExecutor.java:1149)
	at java.util.concurrent.ThreadPoolExecutor$Worker.run(ThreadPoolExecutor.java:624)
	at java.lang.Thread.run(Thread.java:748)
... Removed 7 stack frames]]>
    </failure>
  </testcase> <!-- test1 -->
  <testcase name="test4" time="0.021" classname="com.colombia.sampletests.Test1">
    <failure type="java.lang.NoClassDefFoundError" message="Could not initialize class com.colombia.extentreports.ExtentTestManager">
      <![CDATA[java.lang.NoClassDefFoundError: Could not initialize class com.colombia.extentreports.ExtentTestManager
	at com.colombia.listeners.TestListener.onTestStart(TestListener.java:16)
	at java.util.concurrent.ThreadPoolExecutor.runWorker(ThreadPoolExecutor.java:1149)
	at java.util.concurrent.ThreadPoolExecutor$Worker.run(ThreadPoolExecutor.java:624)
	at java.lang.Thread.run(Thread.java:748)
... Removed 7 stack frames]]>
    </failure>
  </testcase> <!-- test4 -->
  <testcase name="test3" time="0.021" classname="com.colombia.sampletests.Test1">
    <failure type="java.lang.NoClassDefFoundError" message="Could not initialize class com.colombia.extentreports.ExtentTestManager">
      <![CDATA[java.lang.NoClassDefFoundError: Could not initialize class com.colombia.extentreports.ExtentTestManager
	at com.colombia.listeners.TestListener.onTestStart(TestListener.java:16)
	at java.util.concurrent.ThreadPoolExecutor.runWorker(ThreadPoolExecutor.java:1149)
	at java.util.concurrent.ThreadPoolExecutor$Worker.run(ThreadPoolExecutor.java:624)
	at java.lang.Thread.run(Thread.java:748)
... Removed 7 stack frames]]>
    </failure>
  </testcase> <!-- test3 -->
  <testcase name="test1" time="0.034" classname="com.colombia.sampletests.Test1">
    <failure type="java.lang.NoClassDefFoundError" message="Could not initialize class com.colombia.extentreports.ExtentTestManager">
      <![CDATA[java.lang.NoClassDefFoundError: Could not initialize class com.colombia.extentreports.ExtentTestManager
	at com.colombia.listeners.TestListener.onTestFailure(TestListener.java:31)
	at java.util.concurrent.ThreadPoolExecutor.runWorker(ThreadPoolExecutor.java:1149)
	at java.util.concurrent.ThreadPoolExecutor$Worker.run(ThreadPoolExecutor.java:624)
	at java.lang.Thread.run(Thread.java:748)
... Removed 7 stack frames]]>
    </failure>
  </testcase> <!-- test1 -->
  <testcase name="test2" time="0.039" classname="com.colombia.sampletests.Test1">
    <failure type="java.lang.NoClassDefFoundError" message="Could not initialize class com.colombia.extentreports.ExtentTestManager">
      <![CDATA[java.lang.NoClassDefFoundError: Could not initialize class com.colombia.extentreports.ExtentTestManager
	at com.colombia.listeners.TestListener.onTestFailure(TestListener.java:31)
	at java.util.concurrent.ThreadPoolExecutor.runWorker(ThreadPoolExecutor.java:1149)
	at java.util.concurrent.ThreadPoolExecutor$Worker.run(ThreadPoolExecutor.java:624)
	at java.lang.Thread.run(Thread.java:748)
... Removed 7 stack frames]]>
    </failure>
  </testcase> <!-- test2 -->
  <testcase name="test3" time="0.041" classname="com.colombia.sampletests.Test1">
    <failure type="java.lang.NoClassDefFoundError" message="Could not initialize class com.colombia.extentreports.ExtentTestManager">
      <![CDATA[java.lang.NoClassDefFoundError: Could not initialize class com.colombia.extentreports.ExtentTestManager
	at com.colombia.listeners.TestListener.onTestFailure(TestListener.java:31)
	at java.util.concurrent.ThreadPoolExecutor.runWorker(ThreadPoolExecutor.java:1149)
	at java.util.concurrent.ThreadPoolExecutor$Worker.run(ThreadPoolExecutor.java:624)
	at java.lang.Thread.run(Thread.java:748)
... Removed 7 stack frames]]>
    </failure>
  </testcase> <!-- test3 -->
  <testcase name="test4" time="0.048" classname="com.colombia.sampletests.Test1">
    <failure type="java.lang.NoClassDefFoundError" message="Could not initialize class com.colombia.extentreports.ExtentTestManager">
      <![CDATA[java.lang.NoClassDefFoundError: Could not initialize class com.colombia.extentreports.ExtentTestManager
	at com.colombia.listeners.TestListener.onTestFailure(TestListener.java:31)
	at java.util.concurrent.ThreadPoolExecutor.runWorker(ThreadPoolExecutor.java:1149)
	at java.util.concurrent.ThreadPoolExecutor$Worker.run(ThreadPoolExecutor.java:624)
	at java.lang.Thread.run(Thread.java:748)
... Removed 7 stack frames]]>
    </failure>
  </testcase> <!-- test4 -->
  <testcase name="test1" time="0.003" classname="com.colombia.sampletests.Test2">
    <failure type="java.lang.NoClassDefFoundError" message="Could not initialize class com.colombia.extentreports.ExtentTestManager">
      <![CDATA[java.lang.NoClassDefFoundError: Could not initialize class com.colombia.extentreports.ExtentTestManager
	at com.colombia.listeners.TestListener.onTestStart(TestListener.java:16)
	at java.util.concurrent.ThreadPoolExecutor.runWorker(ThreadPoolExecutor.java:1149)
	at java.util.concurrent.ThreadPoolExecutor$Worker.run(ThreadPoolExecutor.java:624)
	at java.lang.Thread.run(Thread.java:748)
... Removed 7 stack frames]]>
    </failure>
  </testcase> <!-- test1 -->
  <testcase name="test5" time="0.004" classname="com.colombia.sampletests.Test1">
    <failure type="java.lang.NoClassDefFoundError" message="Could not initialize class com.colombia.extentreports.ExtentTestManager">
      <![CDATA[java.lang.NoClassDefFoundError: Could not initialize class com.colombia.extentreports.ExtentTestManager
	at com.colombia.listeners.TestListener.onTestStart(TestListener.java:16)
	at java.util.concurrent.ThreadPoolExecutor.runWorker(ThreadPoolExecutor.java:1149)
	at java.util.concurrent.ThreadPoolExecutor$Worker.run(ThreadPoolExecutor.java:624)
	at java.lang.Thread.run(Thread.java:748)
... Removed 7 stack frames]]>
    </failure>
  </testcase> <!-- test5 -->
  <testcase name="test5" time="0.006" classname="com.colombia.sampletests.Test1">
    <failure type="java.lang.NoClassDefFoundError" message="Could not initialize class com.colombia.extentreports.ExtentTestManager">
      <![CDATA[java.lang.NoClassDefFoundError: Could not initialize class com.colombia.extentreports.ExtentTestManager
	at com.colombia.listeners.TestListener.onTestFailure(TestListener.java:31)
	at java.util.concurrent.ThreadPoolExecutor.runWorker(ThreadPoolExecutor.java:1149)
	at java.util.concurrent.ThreadPoolExecutor$Worker.run(ThreadPoolExecutor.java:624)
	at java.lang.Thread.run(Thread.java:748)
... Removed 7 stack frames]]>
    </failure>
  </testcase> <!-- test5 -->
  <testcase name="test1" time="0.01" classname="com.colombia.sampletests.Test2">
    <failure type="java.lang.NoClassDefFoundError" message="Could not initialize class com.colombia.extentreports.ExtentTestManager">
      <![CDATA[java.lang.NoClassDefFoundError: Could not initialize class com.colombia.extentreports.ExtentTestManager
	at com.colombia.listeners.TestListener.onTestFailure(TestListener.java:31)
	at java.util.concurrent.ThreadPoolExecutor.runWorker(ThreadPoolExecutor.java:1149)
	at java.util.concurrent.ThreadPoolExecutor$Worker.run(ThreadPoolExecutor.java:624)
	at java.lang.Thread.run(Thread.java:748)
... Removed 7 stack frames]]>
    </failure>
  </testcase> <!-- test1 -->
  <testcase name="accessEagleLoginInPage" time="0.009" classname="com.colombia.seleniumtests.EaglePortalLoginTest">
    <failure type="java.lang.NoClassDefFoundError" message="Could not initialize class com.colombia.extentreports.ExtentTestManager">
      <![CDATA[java.lang.NoClassDefFoundError: Could not initialize class com.colombia.extentreports.ExtentTestManager
	at com.colombia.listeners.TestListener.onTestStart(TestListener.java:16)
	at java.util.concurrent.ThreadPoolExecutor.runWorker(ThreadPoolExecutor.java:1149)
	at java.util.concurrent.ThreadPoolExecutor$Worker.run(ThreadPoolExecutor.java:624)
	at java.lang.Thread.run(Thread.java:748)
... Removed 7 stack frames]]>
    </failure>
  </testcase> <!-- accessEagleLoginInPage -->
  <testcase name="test3" time="0.005" classname="com.colombia.sampletests.Test2">
    <failure type="java.lang.NoClassDefFoundError" message="Could not initialize class com.colombia.extentreports.ExtentTestManager">
      <![CDATA[java.lang.NoClassDefFoundError: Could not initialize class com.colombia.extentreports.ExtentTestManager
	at com.colombia.listeners.TestListener.onTestStart(TestListener.java:16)
	at java.util.concurrent.ThreadPoolExecutor.runWorker(ThreadPoolExecutor.java:1149)
	at java.util.concurrent.ThreadPoolExecutor$Worker.run(ThreadPoolExecutor.java:624)
	at java.lang.Thread.run(Thread.java:748)
... Removed 7 stack frames]]>
    </failure>
  </testcase> <!-- test3 -->
  <testcase name="test2" time="0.007" classname="com.colombia.sampletests.Test2">
    <failure type="java.lang.NoClassDefFoundError" message="Could not initialize class com.colombia.extentreports.ExtentTestManager">
      <![CDATA[java.lang.NoClassDefFoundError: Could not initialize class com.colombia.extentreports.ExtentTestManager
	at com.colombia.listeners.TestListener.onTestStart(TestListener.java:16)
	at java.util.concurrent.ThreadPoolExecutor.runWorker(ThreadPoolExecutor.java:1149)
	at java.util.concurrent.ThreadPoolExecutor$Worker.run(ThreadPoolExecutor.java:624)
	at java.lang.Thread.run(Thread.java:748)
... Removed 7 stack frames]]>
    </failure>
  </testcase> <!-- test2 -->
  <testcase name="test3" time="0.008" classname="com.colombia.sampletests.Test2">
    <failure type="java.lang.NoClassDefFoundError" message="Could not initialize class com.colombia.extentreports.ExtentTestManager">
      <![CDATA[java.lang.NoClassDefFoundError: Could not initialize class com.colombia.extentreports.ExtentTestManager
	at com.colombia.listeners.TestListener.onTestFailure(TestListener.java:31)
	at java.util.concurrent.ThreadPoolExecutor.runWorker(ThreadPoolExecutor.java:1149)
	at java.util.concurrent.ThreadPoolExecutor$Worker.run(ThreadPoolExecutor.java:624)
	at java.lang.Thread.run(Thread.java:748)
... Removed 7 stack frames]]>
    </failure>
  </testcase> <!-- test3 -->
  <testcase name="test4" time="0.006" classname="com.colombia.sampletests.Test2">
    <failure type="java.lang.NoClassDefFoundError" message="Could not initialize class com.colombia.extentreports.ExtentTestManager">
      <![CDATA[java.lang.NoClassDefFoundError: Could not initialize class com.colombia.extentreports.ExtentTestManager
	at com.colombia.listeners.TestListener.onTestStart(TestListener.java:16)
	at java.util.concurrent.ThreadPoolExecutor.runWorker(ThreadPoolExecutor.java:1149)
	at java.util.concurrent.ThreadPoolExecutor$Worker.run(ThreadPoolExecutor.java:624)
	at java.lang.Thread.run(Thread.java:748)
... Removed 7 stack frames]]>
    </failure>
  </testcase> <!-- test4 -->
  <testcase name="accessEagleLoginInPage" time="0.018" classname="com.colombia.seleniumtests.EaglePortalLoginTest">
    <failure type="java.lang.NoClassDefFoundError" message="Could not initialize class com.colombia.extentreports.ExtentTestManager">
      <![CDATA[java.lang.NoClassDefFoundError: Could not initialize class com.colombia.extentreports.ExtentTestManager
	at com.colombia.listeners.TestListener.onTestFailure(TestListener.java:31)
	at java.util.concurrent.ThreadPoolExecutor.runWorker(ThreadPoolExecutor.java:1149)
	at java.util.concurrent.ThreadPoolExecutor$Worker.run(ThreadPoolExecutor.java:624)
	at java.lang.Thread.run(Thread.java:748)
... Removed 7 stack frames]]>
    </failure>
  </testcase> <!-- accessEagleLoginInPage -->
  <testcase name="test4" time="0.009" classname="com.colombia.sampletests.Test2">
    <failure type="java.lang.NoClassDefFoundError" message="Could not initialize class com.colombia.extentreports.ExtentTestManager">
      <![CDATA[java.lang.NoClassDefFoundError: Could not initialize class com.colombia.extentreports.ExtentTestManager
	at com.colombia.listeners.TestListener.onTestFailure(TestListener.java:31)
	at java.util.concurrent.ThreadPoolExecutor.runWorker(ThreadPoolExecutor.java:1149)
	at java.util.concurrent.ThreadPoolExecutor$Worker.run(ThreadPoolExecutor.java:624)
	at java.lang.Thread.run(Thread.java:748)
... Removed 7 stack frames]]>
    </failure>
  </testcase> <!-- test4 -->
  <testcase name="test2" time="0.017" classname="com.colombia.sampletests.Test2">
    <failure type="java.lang.NoClassDefFoundError" message="Could not initialize class com.colombia.extentreports.ExtentTestManager">
      <![CDATA[java.lang.NoClassDefFoundError: Could not initialize class com.colombia.extentreports.ExtentTestManager
	at com.colombia.listeners.TestListener.onTestFailure(TestListener.java:31)
	at java.util.concurrent.ThreadPoolExecutor.runWorker(ThreadPoolExecutor.java:1149)
	at java.util.concurrent.ThreadPoolExecutor$Worker.run(ThreadPoolExecutor.java:624)
	at java.lang.Thread.run(Thread.java:748)
... Removed 7 stack frames]]>
    </failure>
  </testcase> <!-- test2 -->
  <testcase name="test5" time="0.008" classname="com.colombia.sampletests.Test2">
    <failure type="java.lang.NoClassDefFoundError" message="Could not initialize class com.colombia.extentreports.ExtentTestManager">
      <![CDATA[java.lang.NoClassDefFoundError: Could not initialize class com.colombia.extentreports.ExtentTestManager
	at com.colombia.listeners.TestListener.onTestStart(TestListener.java:16)
	at java.util.concurrent.ThreadPoolExecutor.runWorker(ThreadPoolExecutor.java:1149)
	at java.util.concurrent.ThreadPoolExecutor$Worker.run(ThreadPoolExecutor.java:624)
	at java.lang.Thread.run(Thread.java:748)
... Removed 7 stack frames]]>
    </failure>
  </testcase> <!-- test5 -->
  <testcase name="test5" time="0.011" classname="com.colombia.sampletests.Test2">
    <failure type="java.lang.NoClassDefFoundError" message="Could not initialize class com.colombia.extentreports.ExtentTestManager">
      <![CDATA[java.lang.NoClassDefFoundError: Could not initialize class com.colombia.extentreports.ExtentTestManager
	at com.colombia.listeners.TestListener.onTestFailure(TestListener.java:31)
	at java.util.concurrent.ThreadPoolExecutor.runWorker(ThreadPoolExecutor.java:1149)
	at java.util.concurrent.ThreadPoolExecutor$Worker.run(ThreadPoolExecutor.java:624)
	at java.lang.Thread.run(Thread.java:748)
... Removed 7 stack frames]]>
    </failure>
  </testcase> <!-- test5 -->
  <testcase name="eagleFailedTest" time="0.004" classname="com.colombia.seleniumtests.EaglePortalLoginTest">
    <failure type="java.lang.NoClassDefFoundError" message="Could not initialize class com.colombia.extentreports.ExtentTestManager">
      <![CDATA[java.lang.NoClassDefFoundError: Could not initialize class com.colombia.extentreports.ExtentTestManager
	at com.colombia.listeners.TestListener.onTestStart(TestListener.java:16)
	at java.util.concurrent.ThreadPoolExecutor.runWorker(ThreadPoolExecutor.java:1149)
	at java.util.concurrent.ThreadPoolExecutor$Worker.run(ThreadPoolExecutor.java:624)
	at java.lang.Thread.run(Thread.java:748)
... Removed 7 stack frames]]>
    </failure>
  </testcase> <!-- eagleFailedTest -->
  <testcase name="eagleFailedTest" time="0.005" classname="com.colombia.seleniumtests.EaglePortalLoginTest">
    <failure type="java.lang.NoClassDefFoundError" message="Could not initialize class com.colombia.extentreports.ExtentTestManager">
      <![CDATA[java.lang.NoClassDefFoundError: Could not initialize class com.colombia.extentreports.ExtentTestManager
	at com.colombia.listeners.TestListener.onTestFailure(TestListener.java:31)
	at java.util.concurrent.ThreadPoolExecutor.runWorker(ThreadPoolExecutor.java:1149)
	at java.util.concurrent.ThreadPoolExecutor$Worker.run(ThreadPoolExecutor.java:624)
	at java.lang.Thread.run(Thread.java:748)
... Removed 7 stack frames]]>
    </failure>
  </testcase> <!-- eagleFailedTest -->
</testsuite> <!-- Colombia System Automation Tests -->
