<?xml version="1.0" encoding="UTF-8"?>
<!-- Generated by org.testng.reporters.JUnitXMLReporter -->
<testsuite hostname="LAPTOP-I3V0BKGE" ignored="0" name="Eagle Portal Automation Tests" tests="2" failures="2" timestamp="18 Feb 2020 17:33:57 GMT" time="0.355" errors="0">
  <testcase name="accessEagleLoginInPage" time="0.259" classname="com.colombia.seleniumtests.EaglePortalLoginTest">
    <failure type="java.lang.Error" message="Unresolved compilation problems: 
	&amp;apos;&amp;lt;&amp;gt;&amp;apos; operator is not allowed for source level below 1.7
	Lambda expressions are allowed only at source level 1.8 or above
	Cannot refer to the non-final local variable k defined in an enclosing scope
	Lambda expressions are allowed only at source level 1.8 or above
	Cannot refer to the non-final local variable k defined in an enclosing scope
	Lambda expressions are allowed only at source level 1.8 or above
	Cannot refer to the non-final local variable k defined in an enclosing scope
">
      <![CDATA[java.lang.Error: Unresolved compilation problems: 
	'<>' operator is not allowed for source level below 1.7
	Lambda expressions are allowed only at source level 1.8 or above
	Cannot refer to the non-final local variable k defined in an enclosing scope
	Lambda expressions are allowed only at source level 1.8 or above
	Cannot refer to the non-final local variable k defined in an enclosing scope
	Lambda expressions are allowed only at source level 1.8 or above
	Cannot refer to the non-final local variable k defined in an enclosing scope

	at com.aventstack.extentreports.configuration.ConfigMap.<init>(ConfigMap.java:12)
	at com.aventstack.extentreports.reporter.ExtentHtmlReporter.loadDefaultConfig(ExtentHtmlReporter.java:71)
	at com.aventstack.extentreports.reporter.ExtentHtmlReporter.<init>(ExtentHtmlReporter.java:57)
	at com.aventstack.extentreports.reporter.ExtentHtmlReporter.<init>(ExtentHtmlReporter.java:61)
	at com.colombia.extentreports.ExtentManager.createInstance(ExtentManager.java:28)
	at com.colombia.extentreports.ExtentManager.getInstance(ExtentManager.java:20)
	at com.colombia.extentreports.ExtentTestManager.<clinit>(ExtentTestManager.java:11)
	at com.colombia.listeners.TestListener.onTestStart(TestListener.java:16)
... Removed 22 stack frames]]>
    </failure>
  </testcase> <!-- accessEagleLoginInPage -->
  <testcase name="accessEagleLoginInPage" time="0.283" classname="com.colombia.seleniumtests.EaglePortalLoginTest">
    <failure type="java.lang.NoClassDefFoundError" message="Could not initialize class com.colombia.extentreports.ExtentTestManager">
      <![CDATA[java.lang.NoClassDefFoundError: Could not initialize class com.colombia.extentreports.ExtentTestManager
	at com.colombia.listeners.TestListener.onTestFailure(TestListener.java:31)
... Removed 22 stack frames]]>
    </failure>
  </testcase> <!-- accessEagleLoginInPage -->
</testsuite> <!-- Eagle Portal Automation Tests -->
