<?xml version="1.0" encoding="UTF-8"?>
<testng-results skipped="0" failed="0" ignored="0" total="1" passed="1">
  <reporter-output>
  </reporter-output>
  <suite name="Default suite" duration-ms="5125" started-at="2020-01-05T15:29:21Z" finished-at="2020-01-05T15:29:26Z">
    <groups>
    </groups>
    <test name="Default test" duration-ms="5125" started-at="2020-01-05T15:29:21Z" finished-at="2020-01-05T15:29:26Z">
      <class name="com.colombia.seleniumtests.EaglePortalLoginTest">
        <test-method status="PASS" signature="setUp(java.lang.String, java.lang.String)[pri:0, instance:com.colombia.seleniumtests.EaglePortalLoginTest@1e88b3c]" name="setUp" is-config="true" duration-ms="6446" started-at="2020-01-05T20:59:15Z" finished-at="2020-01-05T20:59:21Z">
          <params>
            <param index="0">
              <value>
                <![CDATA[chrome]]>
              </value>
            </param>
            <param index="1">
              <value>
                <![CDATA[drivers/chromedriver.exe]]>
              </value>
            </param>
          </params>
          <reporter-output>
          </reporter-output>
        </test-method> <!-- setUp -->
        <test-method status="PASS" signature="openSignInPage()[pri:0, instance:com.colombia.seleniumtests.EaglePortalLoginTest@1e88b3c]" name="openSignInPage" duration-ms="5095" started-at="2020-01-05T20:59:21Z" finished-at="2020-01-05T20:59:26Z">
          <reporter-output>
          </reporter-output>
        </test-method> <!-- openSignInPage -->
        <test-method status="PASS" signature="tearDown()[pri:0, instance:com.colombia.seleniumtests.EaglePortalLoginTest@1e88b3c]" name="tearDown" is-config="true" duration-ms="3598" started-at="2020-01-05T20:59:26Z" finished-at="2020-01-05T20:59:30Z">
          <reporter-output>
          </reporter-output>
        </test-method> <!-- tearDown -->
      </class> <!-- com.colombia.seleniumtests.EaglePortalLoginTest -->
    </test> <!-- Default test -->
  </suite> <!-- Default suite -->
</testng-results>
